Using pre-set license
Built from '2020.3/staging' branch; Version is '2020.3.22f1 (e1a7f79fd887) revision 14788599'; Using compiler version '192528614'; Build Type 'Release'
OS: 'Windows 10 Home Single Language; OS build 19043.1706; Version 2009; 64bit' Language: 'en' Physical Memory: 8078 MB
BatchMode: 1, IsHumanControllingUs: 0, StartBugReporterOnCrash: 0, Is64bit: 1, IsPro: 0

COMMAND LINE ARGUMENTS:
C:\Program Files\Unity\Hub\Editor\2020.3.22f1\Editor\Unity.exe
-adb2
-batchMode
-noUpm
-name
AssetImportWorker0
-projectPath
F:/Games projects/bal_game/My project
-logFile
Logs/AssetImportWorker0.log
-srvPort
50052
Successfully changed project path to: F:/Games projects/bal_game/My project
F:/Games projects/bal_game/My project
Using Asset Import Pipeline V2.
Refreshing native plugins compatible for Editor in 36.28 ms, found 2 plugins.
Preloading 0 native plugins for Editor in 0.00 ms.
Initialize engine version: 2020.3.22f1 (e1a7f79fd887)
[Subsystems] Discovering subsystems at path C:/Program Files/Unity/Hub/Editor/2020.3.22f1/Editor/Data/Resources/UnitySubsystems
[Subsystems] Discovering subsystems at path F:/Games projects/bal_game/My project/Assets
GfxDevice: creating device client; threaded=0
Direct3D:
    Version:  Direct3D 11.0 [level 11.1]
    Renderer: NVIDIA GeForce MX150 (ID=0x1d10)
    Vendor:   
    VRAM:     1983 MB
    Driver:   27.21.14.6589
Initialize mono
Mono path[0] = 'C:/Program Files/Unity/Hub/Editor/2020.3.22f1/Editor/Data/Managed'
Mono path[1] = 'C:/Program Files/Unity/Hub/Editor/2020.3.22f1/Editor/Data/MonoBleedingEdge/lib/mono/unityjit'
Mono config path = 'C:/Program Files/Unity/Hub/Editor/2020.3.22f1/Editor/Data/MonoBleedingEdge/etc'
Using monoOptions --debugger-agent=transport=dt_socket,embedding=1,server=y,suspend=n,address=127.0.0.1:56960
Begin MonoManager ReloadAssembly
Registering precompiled unity dll's ...
Register platform support module: C:/Program Files/Unity/Hub/Editor/2020.3.22f1/Editor/Data/PlaybackEngines/WebGLSupport/UnityEditor.WebGL.Extensions.dll
Register platform support module: C:/Program Files/Unity/Hub/Editor/2020.3.22f1/Editor/Data/PlaybackEngines/WindowsStandaloneSupport/UnityEditor.WindowsStandalone.Extensions.dll
Registered in 0.005961 seconds.
Native extension for WindowsStandalone target not found
Native extension for WebGL target not found
Refreshing native plugins compatible for Editor in 31.21 ms, found 2 plugins.
Preloading 0 native plugins for Editor in 0.00 ms.
Mono: successfully reloaded assembly
- Completed reload, in  7.474 seconds
Domain Reload Profiling:
	ReloadAssembly (7474ms)
		BeginReloadAssembly (83ms)
			ExecutionOrderSort (0ms)
			DisableScriptedObjects (0ms)
			BackupInstance (0ms)
			ReleaseScriptingObjects (0ms)
			CreateAndSetChildDomain (1ms)
		EndReloadAssembly (499ms)
			LoadAssemblies (86ms)
			RebuildTransferFunctionScriptingTraits (0ms)
			SetupTypeCache (164ms)
			ReleaseScriptCaches (0ms)
			RebuildScriptCaches (34ms)
			SetupLoadedEditorAssemblies (167ms)
				LogAssemblyErrors (0ms)
				InitializePlatformSupportModulesInManaged (6ms)
				SetLoadedEditorAssemblies (0ms)
				RefreshPlugins (32ms)
				BeforeProcessingInitializeOnLoad (18ms)
				ProcessInitializeOnLoadAttributes (82ms)
				ProcessInitializeOnLoadMethodAttributes (29ms)
				AfterProcessingInitializeOnLoad (0ms)
				EditorAssembliesLoaded (0ms)
			ExecutionOrderSort2 (0ms)
			AwakeInstancesAfterBackupRestoration (0ms)
Platform modules already initialized, skipping
Registering precompiled user dll's ...
Registered in 0.007843 seconds.
Begin MonoManager ReloadAssembly
Native extension for WindowsStandalone target not found
Native extension for WebGL target not found
Refreshing native plugins compatible for Editor in 0.35 ms, found 2 plugins.
Preloading 0 native plugins for Editor in 0.00 ms.
Mono: successfully reloaded assembly
- Completed reload, in  1.214 seconds
Domain Reload Profiling:
	ReloadAssembly (1216ms)
		BeginReloadAssembly (158ms)
			ExecutionOrderSort (0ms)
			DisableScriptedObjects (5ms)
			BackupInstance (0ms)
			ReleaseScriptingObjects (0ms)
			CreateAndSetChildDomain (19ms)
		EndReloadAssembly (991ms)
			LoadAssemblies (214ms)
			RebuildTransferFunctionScriptingTraits (0ms)
			SetupTypeCache (304ms)
			ReleaseScriptCaches (0ms)
			RebuildScriptCaches (43ms)
			SetupLoadedEditorAssemblies (332ms)
				LogAssemblyErrors (0ms)
				InitializePlatformSupportModulesInManaged (7ms)
				SetLoadedEditorAssemblies (0ms)
				RefreshPlugins (1ms)
				BeforeProcessingInitializeOnLoad (82ms)
				ProcessInitializeOnLoadAttributes (221ms)
				ProcessInitializeOnLoadMethodAttributes (13ms)
				AfterProcessingInitializeOnLoad (8ms)
				EditorAssembliesLoaded (0ms)
			ExecutionOrderSort2 (0ms)
			AwakeInstancesAfterBackupRestoration (7ms)
Platform modules already initialized, skipping
========================================================================
Worker process is ready to serve import requests
Launched and connected shader compiler UnityShaderCompiler.exe after 0.05 seconds
Refreshing native plugins compatible for Editor in 0.36 ms, found 2 plugins.
Preloading 0 native plugins for Editor in 0.00 ms.
Unloading 1488 Unused Serialized files (Serialized files now loaded: 0)
System memory in use before: 88.0 MB.
System memory in use after: 88.1 MB.

Unloading 19 unused Assets to reduce memory usage. Loaded Objects now: 1942.
Total: 3.866500 ms (FindLiveObjects: 0.179200 ms CreateObjectMapping: 0.044300 ms MarkObjects: 3.530600 ms  DeleteObjects: 0.111100 ms)

AssetImportParameters requested are different than current active one (requested -> active):
  custom:framework-win-MediaFoundation: 216162199b28c13a410421893ffa2e32 -> 
  custom:video-decoder-ogg-theora: a1e56fd34408186e4bbccfd4996cb3dc -> 
  custom:container-muxer-webm: aa71ff27fc2769a1b78a27578f13a17b -> 
  custom:container-demuxer-webm: 4f35f7cbe854078d1ac9338744f61a02 -> 
  custom:container-demuxer-ogg: 62fdf1f143b41e24485cea50d1cbac27 -> 
  custom:video-encoder-webm-vp8: eb34c28f22e8b96e1ab97ce403110664 -> 
  custom:video-decoder-webm-vp8: 9c59270c3fd7afecdb556c50c9e8de78 -> 
  custom:audio-decoder-ogg-vorbis: bf7c407c2cedff20999df2af8eb42d56 -> 
  custom:audio-encoder-webm-vorbis: bf7c407c2cedff20999df2af8eb42d56 -> 
========================================================================
Received Import Request.
  path: Assets/Scenes/level1.unity
  artifactKey: Guid(7333237638ad14e41afeb108efe88c06) Importer(815301076,1909f56bfc062723c751e8b465ee728b)
Start importing Assets/Scenes/level1.unity using Guid(7333237638ad14e41afeb108efe88c06) Importer(815301076,1909f56bfc062723c751e8b465ee728b)  -> (artifact id: 'e95aa28ad04e6c49e00b0b89a5523839') in 0.031410 seconds 
  Import took 0.039487 seconds .

========================================================================
Received Import Request.
  Time since last request: 21.203989 seconds.
  path: Assets/prefebs
  artifactKey: Guid(1f84cfc16db577245af897abc03d740f) Importer(815301076,1909f56bfc062723c751e8b465ee728b)
Start importing Assets/prefebs using Guid(1f84cfc16db577245af897abc03d740f) Importer(815301076,1909f56bfc062723c751e8b465ee728b)  -> (artifact id: '4864642b48c9eee8bd16c342458cfc06') in 0.002822 seconds 
  Import took 0.008591 seconds .

========================================================================
Received Import Request.
  Time since last request: 4.899627 seconds.
  path: Assets/prefebs/Lshape.prefab
  artifactKey: Guid(751e4e6cc9e6af243a84ce76f4e37f26) Importer(815301076,1909f56bfc062723c751e8b465ee728b)
Start importing Assets/prefebs/Lshape.prefab using Guid(751e4e6cc9e6af243a84ce76f4e37f26) Importer(815301076,1909f56bfc062723c751e8b465ee728b)  -> (artifact id: '24f4a9d9388efc89edc1f68b09c7a554') in 0.148510 seconds 
  Import took 0.153175 seconds .

========================================================================
Received Import Request.
  Time since last request: 9.772262 seconds.
  path: Assets/prefebs/U shape .prefab
  artifactKey: Guid(985907da4598f5a40ba173341731ec91) Importer(815301076,1909f56bfc062723c751e8b465ee728b)
Start importing Assets/prefebs/U shape .prefab using Guid(985907da4598f5a40ba173341731ec91) Importer(815301076,1909f56bfc062723c751e8b465ee728b)  -> (artifact id: 'de7e1e9153ff366994898114932f2a73') in 0.028545 seconds 
  Import took 0.034324 seconds .

========================================================================
Received Import Request.
  Time since last request: 12.755936 seconds.
  path: Assets/prefebs/Cube.prefab
  artifactKey: Guid(51f90b16a47ae574c86f7423d0a34e43) Importer(815301076,1909f56bfc062723c751e8b465ee728b)
Start importing Assets/prefebs/Cube.prefab using Guid(51f90b16a47ae574c86f7423d0a34e43) Importer(815301076,1909f56bfc062723c751e8b465ee728b)  -> (artifact id: 'de1ade078542c7beec27e2e38de607f9') in 0.030960 seconds 
  Import took 0.036555 seconds .

========================================================================
Received Import Request.
  Time since last request: 7.323900 seconds.
  path: Assets/prefebs/rotator.prefab
  artifactKey: Guid(58df90c3e0353fb49a5dc37a9508bd91) Importer(815301076,1909f56bfc062723c751e8b465ee728b)
Start importing Assets/prefebs/rotator.prefab using Guid(58df90c3e0353fb49a5dc37a9508bd91) Importer(815301076,1909f56bfc062723c751e8b465ee728b)  -> (artifact id: '16bb6374296d9161b2a7435132bed651') in 0.009770 seconds 
  Import took 0.016116 seconds .

========================================================================
Received Import Request.
  Time since last request: 6.095425 seconds.
  path: Assets/prefebs/mover.prefab
  artifactKey: Guid(e24c5eeec1981424b94ee7789bce7c31) Importer(815301076,1909f56bfc062723c751e8b465ee728b)
Start importing Assets/prefebs/mover.prefab using Guid(e24c5eeec1981424b94ee7789bce7c31) Importer(815301076,1909f56bfc062723c751e8b465ee728b)  -> (artifact id: '16dec13d2490c3b361457f4cfac645be') in 0.010410 seconds 
  Import took 0.016594 seconds .

========================================================================
Received Import Request.
  Time since last request: 30.907733 seconds.
  path: Assets/prefebs/mover 2.prefab
  artifactKey: Guid(db6f034fca836534eb2038b8ad61aa36) Importer(815301076,1909f56bfc062723c751e8b465ee728b)
Start importing Assets/prefebs/mover 2.prefab using Guid(db6f034fca836534eb2038b8ad61aa36) Importer(815301076,1909f56bfc062723c751e8b465ee728b)  -> (artifact id: '4a9db2955f53a3a7a19f84caeb3f4264') in 0.010254 seconds 
  Import took 0.016109 seconds .

========================================================================
Received Import Request.
  Time since last request: 83.975889 seconds.
  path: Assets/Scenes/level1.unity
  artifactKey: Guid(7333237638ad14e41afeb108efe88c06) Importer(815301076,1909f56bfc062723c751e8b465ee728b)
Start importing Assets/Scenes/level1.unity using Guid(7333237638ad14e41afeb108efe88c06) Importer(815301076,1909f56bfc062723c751e8b465ee728b)  -> (artifact id: 'e62022a2a4e005b4a7012b23de5f2b8f') in 0.003531 seconds 
  Import took 0.010203 seconds .

========================================================================
Received Import Request.
  Time since last request: 78.165975 seconds.
  path: Assets/Scenes/testgame.unity
  artifactKey: Guid(9fc0d4010bbf28b4594072e72b8655ab) Importer(815301076,1909f56bfc062723c751e8b465ee728b)
Start importing Assets/Scenes/testgame.unity using Guid(9fc0d4010bbf28b4594072e72b8655ab) Importer(815301076,1909f56bfc062723c751e8b465ee728b)  -> (artifact id: 'c1c6ec32e9ac0c75019c5c993d521891') in 0.002616 seconds 
  Import took 0.009801 seconds .

AssetImportWorkerClient::OnTransportError - code=2 error=End of file
